01/07/21 1:23:56: /home/customer/www/networkcontagion.us/public_html/wp-content/plugins/wp-scss/cache/ - File Permission Error, permission denied. Please make the cache directory writable.
01/07/21 1:23:56: /home/customer/www/networkcontagion.us/public_html/wp-content/plugins/wp-scss/cache/ - File Permission Error, permission denied. Please make the cache directory writable.
01/07/21 1:23:56: /home/customer/www/networkcontagion.us/public_html/wp-content/plugins/wp-scss/cache/ - File Permission Error, permission denied. Please make the cache directory writable.
01/07/21 1:23:56: /home/customer/www/networkcontagion.us/public_html/wp-content/plugins/wp-scss/cache/ - File Permission Error, permission denied. Please make the cache directory writable.
01/07/21 1:24:01: /home/customer/www/networkcontagion.us/public_html/wp-content/plugins/wp-scss/cache/ - File Permission Error, permission denied. Please make the cache directory writable.
01/07/21 1:24:01: /home/customer/www/networkcontagion.us/public_html/wp-content/plugins/wp-scss/cache/ - File Permission Error, permission denied. Please make the cache directory writable.
01/07/21 1:24:01: /home/customer/www/networkcontagion.us/public_html/wp-content/plugins/wp-scss/cache/ - File Permission Error, permission denied. Please make the cache directory writable.
01/07/21 1:24:01: /home/customer/www/networkcontagion.us/public_html/wp-content/plugins/wp-scss/cache/ - File Permission Error, permission denied. Please make the cache directory writable.
01/07/21 1:25:56: /home/customer/www/networkcontagion.us/public_html/wp-content/plugins/wp-scss/cache/ - File Permission Error, permission denied. Please make the cache directory writable.
01/07/21 1:25:56: /home/customer/www/networkcontagion.us/public_html/wp-content/plugins/wp-scss/cache/ - File Permission Error, permission denied. Please make the cache directory writable.
01/07/21 1:25:56: /home/customer/www/networkcontagion.us/public_html/wp-content/plugins/wp-scss/cache/ - File Permission Error, permission denied. Please make the cache directory writable.
01/07/21 1:25:56: /home/customer/www/networkcontagion.us/public_html/wp-content/plugins/wp-scss/cache/ - File Permission Error, permission denied. Please make the cache directory writable.
01/07/21 1:26:01: /home/customer/www/networkcontagion.us/public_html/wp-content/plugins/wp-scss/cache/ - File Permission Error, permission denied. Please make the cache directory writable.
01/07/21 1:26:01: /home/customer/www/networkcontagion.us/public_html/wp-content/plugins/wp-scss/cache/ - File Permission Error, permission denied. Please make the cache directory writable.
01/07/21 1:26:01: /home/customer/www/networkcontagion.us/public_html/wp-content/plugins/wp-scss/cache/ - File Permission Error, permission denied. Please make the cache directory writable.
01/07/21 1:26:01: /home/customer/www/networkcontagion.us/public_html/wp-content/plugins/wp-scss/cache/ - File Permission Error, permission denied. Please make the cache directory writable.
01/07/21 1:27:57: /home/customer/www/networkcontagion.us/public_html/wp-content/plugins/wp-scss/cache/ - File Permission Error, permission denied. Please make the cache directory writable.
01/07/21 1:27:57: /home/customer/www/networkcontagion.us/public_html/wp-content/plugins/wp-scss/cache/ - File Permission Error, permission denied. Please make the cache directory writable.
01/07/21 1:27:57: /home/customer/www/networkcontagion.us/public_html/wp-content/plugins/wp-scss/cache/ - File Permission Error, permission denied. Please make the cache directory writable.
01/07/21 1:27:57: /home/customer/www/networkcontagion.us/public_html/wp-content/plugins/wp-scss/cache/ - File Permission Error, permission denied. Please make the cache directory writable.
01/07/21 1:28:01: /home/customer/www/networkcontagion.us/public_html/wp-content/plugins/wp-scss/cache/ - File Permission Error, permission denied. Please make the cache directory writable.
01/07/21 1:28:01: /home/customer/www/networkcontagion.us/public_html/wp-content/plugins/wp-scss/cache/ - File Permission Error, permission denied. Please make the cache directory writable.
01/07/21 1:28:01: /home/customer/www/networkcontagion.us/public_html/wp-content/plugins/wp-scss/cache/ - File Permission Error, permission denied. Please make the cache directory writable.
01/07/21 1:28:01: /home/customer/www/networkcontagion.us/public_html/wp-content/plugins/wp-scss/cache/ - File Permission Error, permission denied. Please make the cache directory writable.
01/07/21 1:30:02: /home/customer/www/networkcontagion.us/public_html/wp-content/plugins/wp-scss/cache/ - File Permission Error, permission denied. Please make the cache directory writable.
01/07/21 1:30:02: /home/customer/www/networkcontagion.us/public_html/wp-content/plugins/wp-scss/cache/ - File Permission Error, permission denied. Please make the cache directory writable.
01/07/21 1:30:02: /home/customer/www/networkcontagion.us/public_html/wp-content/plugins/wp-scss/cache/ - File Permission Error, permission denied. Please make the cache directory writable.
01/07/21 1:30:02: /home/customer/www/networkcontagion.us/public_html/wp-content/plugins/wp-scss/cache/ - File Permission Error, permission denied. Please make the cache directory writable.
01/07/21 1:32:02: /home/customer/www/networkcontagion.us/public_html/wp-content/plugins/wp-scss/cache/ - File Permission Error, permission denied. Please make the cache directory writable.
01/07/21 1:32:02: /home/customer/www/networkcontagion.us/public_html/wp-content/plugins/wp-scss/cache/ - File Permission Error, permission denied. Please make the cache directory writable.
01/07/21 1:32:02: /home/customer/www/networkcontagion.us/public_html/wp-content/plugins/wp-scss/cache/ - File Permission Error, permission denied. Please make the cache directory writable.
01/07/21 1:32:02: /home/customer/www/networkcontagion.us/public_html/wp-content/plugins/wp-scss/cache/ - File Permission Error, permission denied. Please make the cache directory writable.
03/05/21 6:47:40: blocks.scss - Undefined variable $light-gray: /home/customer/www/staging2.networkcontagion.us/public_html/wp-content/themes/NCRI/scss/blocks.scss on line 96, at column 6
Call Stack:
#0 function slick-font-url /home/customer/www/staging2.networkcontagion.us/public_html/wp-content/themes/NCRI/scss/slick-theme.scss on line 38
#1 function slick-font-url /home/customer/www/staging2.networkcontagion.us/public_html/wp-content/themes/NCRI/scss/slick-theme.scss on line 38
#2 function slick-font-url /home/customer/www/staging2.networkcontagion.us/public_html/wp-content/themes/NCRI/scss/slick-theme.scss on line 55
#3 function slick-font-url /home/customer/www/staging2.networkcontagion.us/public_html/wp-content/themes/NCRI/scss/slick-theme.scss on line 54
08/04/21 12:03:02: style.scss - unexpected }: failed at `` /home/customer/www/networkcontagion.us/public_html/wp-content/themes/NCRI/scss/style.scss on line 420, at column 0
08/04/21 11:53:45: style.scss - unexpected }: failed at `` /home/customer/www/networkcontagion.us/public_html/wp-content/themes/NCRI/scss/style.scss on line 397, at column 0
08/09/21 6:24:01: style.scss - unexpected }: failed at `` /home/customer/www/networkcontagion.us/public_html/wp-content/themes/NCRI/scss/style.scss on line 443, at column 0
08/09/21 6:39:16: style.scss - parse error: failed at `b//ackground-size: contain;` /home/customer/www/networkcontagion.us/public_html/wp-content/themes/NCRI/scss/style.scss on line 421, at column 3
08/18/21 6:32:13: style.scss - Undefined variable $aqua: style.scss on line 1057, at column 3
08/18/21 6:32:28: style.scss - Undefined variable $aqua: style.scss on line 1057, at column 3
08/18/21 6:32:31: style.scss - Undefined variable $aqua: style.scss on line 1057, at column 3
08/18/21 6:32:37: style.scss - Undefined variable $aqua: style.scss on line 1057, at column 3
08/19/21 2:44:01: style.scss - Undefined variable $darkblue: style.scss on line 384, at column 5
08/19/21 2:44:32: style.scss - Undefined variable $link: style.scss on line 613, at column 7
08/19/21 2:44:58: style.scss - Undefined variable $link: style.scss on line 613, at column 7
08/20/21 5:38:29: blocks.scss - parse error: failed at `.team-member__sep` /home/customer/www/ncri.mason.digital/public_html/wp-content/themes/NCRI/scss/blocks.scss on line 456, at column 5
08/20/21 6:05:31: style.scss - parse error: failed at `&:` /home/customer/www/ncri.mason.digital/public_html/wp-content/themes/NCRI/scss/style.scss on line 785, at column 3
08/20/21 6:05:36: style.scss - parse error: failed at `&:` /home/customer/www/ncri.mason.digital/public_html/wp-content/themes/NCRI/scss/style.scss on line 785, at column 3
08/20/21 6:05:36: style.scss - parse error: failed at `&:` /home/customer/www/ncri.mason.digital/public_html/wp-content/themes/NCRI/scss/style.scss on line 785, at column 3
